<?xml version="1.0" encoding="UTF-8"?>
<testsuite name="lab0.Variant1Test" tests="46" skipped="0" failures="0" errors="0" timestamp="2023-12-18T16:14:22" hostname="DESKTOP-0C3TC8A" time="0.172">
  <properties/>
  <testcase name="meterTest[0](100, 1)" classname="lab0.Variant1Test" time="0.004"/>
  <testcase name="meterTest[1](200, 2)" classname="lab0.Variant1Test" time="0.0"/>
  <testcase name="meterTest[2](1000, 10)" classname="lab0.Variant1Test" time="0.0"/>
  <testcase name="meterTest[3](2000, 20)" classname="lab0.Variant1Test" time="0.0"/>
  <testcase name="meterTest[4](200000, 2000)" classname="lab0.Variant1Test" time="0.0"/>
  <testcase name="testCreateMatrix[0](3, 3, [[I@4808bc9b)" classname="lab0.Variant1Test" time="0.001"/>
  <testcase name="testCreateMatrix[1](2, 4, [[I@13df2a8c)" classname="lab0.Variant1Test" time="0.001"/>
  <testcase name="testCreateMatrix[2](4, 2, [[I@1787f2a0)" classname="lab0.Variant1Test" time="0.0"/>
  <testcase name="testFindMinMax[0]([I@51bf5add, [I@7905a0b8)" classname="lab0.Variant1Test" time="0.001"/>
  <testcase name="testFindMinMax[1]([I@13d9cbf5, [I@478db956)" classname="lab0.Variant1Test" time="0.0"/>
  <testcase name="testFindMinMax[2]([I@51bd8b5c, [I@7b50df34)" classname="lab0.Variant1Test" time="0.001"/>
  <testcase name="testFindMinMax[3]([I@19b843ba, [I@64ec96c6)" classname="lab0.Variant1Test" time="0.0"/>
  <testcase name="testFindRemainingLength[0](15, 4, 3)" classname="lab0.Variant1Test" time="0.001"/>
  <testcase name="testFindRemainingLength[1](10, 3, 1)" classname="lab0.Variant1Test" time="0.001"/>
  <testcase name="testFindRemainingLength[2](7, 2, 1)" classname="lab0.Variant1Test" time="0.001"/>
  <testcase name="testFindRemainingLength[3](8, 5, 3)" classname="lab0.Variant1Test" time="0.001"/>
  <testcase name="testFindRemainingLength[4](20, 7, 6)" classname="lab0.Variant1Test" time="0.0"/>
  <testcase name="testFindRemainingLength[5](100, 25, 0)" classname="lab0.Variant1Test" time="0.0"/>
  <testcase name="testFindRemainingLength[6](1, 1, 0)" classname="lab0.Variant1Test" time="0.003"/>
  <testcase name="testGenerateOddNumbers[0](9, [I@43015c69)" classname="lab0.Variant1Test" time="0.0"/>
  <testcase name="testGenerateOddNumbers[1](3, [I@30b6ffe0)" classname="lab0.Variant1Test" time="0.0"/>
  <testcase name="testGenerateOddNumbers[2](5, [I@14f232c4)" classname="lab0.Variant1Test" time="0.001"/>
  <testcase name="testGenerateOddNumbers[3](1, [I@93081b6)" classname="lab0.Variant1Test" time="0.0"/>
  <testcase name="testGetDayOfWeek[0](1, monday)" classname="lab0.Variant1Test" time="0.0"/>
  <testcase name="testGetDayOfWeek[1](2, tuesday)" classname="lab0.Variant1Test" time="0.0"/>
  <testcase name="testGetDayOfWeek[2](3, wednesday)" classname="lab0.Variant1Test" time="0.002"/>
  <testcase name="testGetDayOfWeek[3](4, thursday)" classname="lab0.Variant1Test" time="0.001"/>
  <testcase name="testGetDayOfWeek[4](5, friday)" classname="lab0.Variant1Test" time="0.0"/>
  <testcase name="testGetDayOfWeek[5](6, saturday)" classname="lab0.Variant1Test" time="0.001"/>
  <testcase name="testGetDayOfWeek[6](7, sunday)" classname="lab0.Variant1Test" time="0.0"/>
  <testcase name="testGetDayOfWeek[7](0, undefined)" classname="lab0.Variant1Test" time="0.001"/>
  <testcase name="testGetDayOfWeek[8](8, undefined)" classname="lab0.Variant1Test" time="0.001"/>
  <testcase name="testIsPositiveNumber[0](1, true)" classname="lab0.Variant1Test" time="0.0"/>
  <testcase name="testIsPositiveNumber[1](0, false)" classname="lab0.Variant1Test" time="0.0"/>
  <testcase name="testIsPositiveNumber[2](-7, false)" classname="lab0.Variant1Test" time="0.0"/>
  <testcase name="testIsPositiveNumber[3](234, true)" classname="lab0.Variant1Test" time="0.0"/>
  <testcase name="testIsPositiveNumber[4](-224, false)" classname="lab0.Variant1Test" time="0.0"/>
  <testcase name="testModifyNumber[0](2, 3)" classname="lab0.Variant1Test" time="0.0"/>
  <testcase name="testModifyNumber[1](-25, -25)" classname="lab0.Variant1Test" time="0.002"/>
  <testcase name="testModifyNumber[2](0, 0)" classname="lab0.Variant1Test" time="0.0"/>
  <testcase name="testModifyNumber[3](150, 151)" classname="lab0.Variant1Test" time="0.001"/>
  <testcase name="testModifyNumber[4](-400, -400)" classname="lab0.Variant1Test" time="0.0"/>
  <testcase name="testPrintNumberNTimes[0](2, 3, 222)" classname="lab0.Variant1Test" time="0.0"/>
  <testcase name="testPrintNumberNTimes[1](5, 5, 55555)" classname="lab0.Variant1Test" time="0.0"/>
  <testcase name="testPrintNumberNTimes[2](6, 1, 6)" classname="lab0.Variant1Test" time="0.0"/>
  <testcase name="testPrintNumberNTimes[3](18, -32, N &gt; 0)" classname="lab0.Variant1Test" time="0.0"/>
  <system-out><![CDATA[]]></system-out>
  <system-err><![CDATA[]]></system-err>
</testsuite>
